app/build/outputs/logs/manifest-merger-debug-report.txt
-- Merging decision tree log ---
manifest
ADDED from src/main/AndroidManifest.xml:2:1-161:12
	package
		ADDED from src/main/AndroidManifest.xml:3:5-53
		INJECTED from src/main/AndroidManifest.xml
		INJECTED from src/main/AndroidManifest.xml
	android:versionName
		ADDED from src/main/AndroidManifest.xml:5:5-30
		INJECTED from src/main/AndroidManifest.xml
		INJECTED from src/main/AndroidManifest.xml
	android:versionCode
		ADDED from src/main/AndroidManifest.xml:4:5-28
		INJECTED from src/main/AndroidManifest.xml
		INJECTED from src/main/AndroidManifest.xml
	xmlns:android
		ADDED from src/main/AndroidManifest.xml:2:11-69
uses-sdk
ADDED from src/main/AndroidManifest.xml:7:5-9:41
MERGED from [com.android.support:appcompat-v7:24.1.1] AndroidManifest.xml:21:5-23:78
MERGED from [com.android.support:animated-vector-drawable:24.1.1] AndroidManifest.xml:20:5-44
MERGED from [com.android.support:support-vector-drawable:24.1.1] AndroidManifest.xml:21:5-43
MERGED from [com.android.support:support-v4:24.1.1] AndroidManifest.xml:21:5-23:54
MERGED from [com.android.support:support-v4:24.1.1] AndroidManifest.xml:21:5-23:54
MERGED from [com.android.support:support-vector-drawable:24.1.1] AndroidManifest.xml:21:5-43
MERGED from [com.android.support:support-v4:24.1.1] AndroidManifest.xml:21:5-23:54
MERGED from [com.android.support:support-v13:24.1.1] AndroidManifest.xml:21:5-23:55
MERGED from [com.android.support:support-v4:24.1.1] AndroidManifest.xml:21:5-23:54
MERGED from [com.android.support:design:24.1.1] AndroidManifest.xml:20:5-43
MERGED from [com.android.support:support-v4:24.1.1] AndroidManifest.xml:21:5-23:54
MERGED from [com.android.support:recyclerview-v7:24.1.1] AndroidManifest.xml:20:5-43
MERGED from [com.android.support:support-v4:24.1.1] AndroidManifest.xml:21:5-23:54
MERGED from [com.android.support:appcompat-v7:24.1.1] AndroidManifest.xml:21:5-23:78
MERGED from [com.android.support:animated-vector-drawable:24.1.1] AndroidManifest.xml:20:5-44
MERGED from [com.android.support:support-vector-drawable:24.1.1] AndroidManifest.xml:21:5-43
MERGED from [com.android.support:support-v4:24.1.1] AndroidManifest.xml:21:5-23:54
MERGED from [com.android.support:support-v4:24.1.1] AndroidManifest.xml:21:5-23:54
MERGED from [com.android.support:support-vector-drawable:24.1.1] AndroidManifest.xml:21:5-43
MERGED from [com.android.support:support-v4:24.1.1] AndroidManifest.xml:21:5-23:54
MERGED from [com.android.support:support-v4:24.1.1] AndroidManifest.xml:21:5-23:54
	tools:overrideLibrary
		ADDED from [com.android.support:appcompat-v7:24.1.1] AndroidManifest.xml:23:9-75
	android:targetSdkVersion
		ADDED from src/main/AndroidManifest.xml:9:9-38
		INJECTED from src/main/AndroidManifest.xml
		INJECTED from src/main/AndroidManifest.xml
	android:minSdkVersion
		ADDED from src/main/AndroidManifest.xml:8:9-35
		INJECTED from src/main/AndroidManifest.xml
		INJECTED from src/main/AndroidManifest.xml
uses-permission#android.permission.INTERNET
ADDED from src/main/AndroidManifest.xml:11:5-67
	android:name
		ADDED from src/main/AndroidManifest.xml:11:22-64
uses-permission#android.permission.ACCESS_NETWORK_STATE
ADDED from src/main/AndroidManifest.xml:12:5-79
	android:name
		ADDED from src/main/AndroidManifest.xml:12:22-76
uses-permission#android.permission.WRITE_EXTERNAL_STORAGE
ADDED from src/main/AndroidManifest.xml:13:5-81
	android:name
		ADDED from src/main/AndroidManifest.xml:13:22-78
uses-permission#android.permission.CAMERA
ADDED from src/main/AndroidManifest.xml:14:5-65
	android:name
		ADDED from src/main/AndroidManifest.xml:14:22-62
uses-feature#android.hardware.camera
ADDED from src/main/AndroidManifest.xml:16:5-60
	android:name
		ADDED from src/main/AndroidManifest.xml:16:19-57
uses-feature#android.hardware.camera.autofocus
ADDED from src/main/AndroidManifest.xml:17:5-70
	android:name
		ADDED from src/main/AndroidManifest.xml:17:19-67
application
ADDED from src/main/AndroidManifest.xml:19:5-159:19
MERGED from [com.android.support:appcompat-v7:24.1.1] AndroidManifest.xml:25:5-20
MERGED from [com.android.support:animated-vector-drawable:24.1.1] AndroidManifest.xml:22:5-20
MERGED from [com.android.support:support-vector-drawable:24.1.1] AndroidManifest.xml:23:5-20
MERGED from [com.android.support:support-v4:24.1.1] AndroidManifest.xml:25:5-20
MERGED from [com.android.support:support-v4:24.1.1] AndroidManifest.xml:25:5-20
MERGED from [com.android.support:support-vector-drawable:24.1.1] AndroidManifest.xml:23:5-20
MERGED from [com.android.support:support-v4:24.1.1] AndroidManifest.xml:25:5-20
MERGED from [com.android.support:support-v13:24.1.1] AndroidManifest.xml:25:5-20
MERGED from [com.android.support:support-v4:24.1.1] AndroidManifest.xml:25:5-20
MERGED from [com.android.support:design:24.1.1] AndroidManifest.xml:22:5-20
MERGED from [com.android.support:support-v4:24.1.1] AndroidManifest.xml:25:5-20
MERGED from [com.android.support:support-v4:24.1.1] AndroidManifest.xml:25:5-20
MERGED from [com.android.support:appcompat-v7:24.1.1] AndroidManifest.xml:25:5-20
MERGED from [com.android.support:animated-vector-drawable:24.1.1] AndroidManifest.xml:22:5-20
MERGED from [com.android.support:support-vector-drawable:24.1.1] AndroidManifest.xml:23:5-20
MERGED from [com.android.support:support-v4:24.1.1] AndroidManifest.xml:25:5-20
MERGED from [com.android.support:support-v4:24.1.1] AndroidManifest.xml:25:5-20
MERGED from [com.android.support:support-vector-drawable:24.1.1] AndroidManifest.xml:23:5-20
MERGED from [com.android.support:support-v4:24.1.1] AndroidManifest.xml:25:5-20
MERGED from [com.android.support:support-v4:24.1.1] AndroidManifest.xml:25:5-20
	android:label
		ADDED from src/main/AndroidManifest.xml:23:9-41
	android:allowBackup
		ADDED from src/main/AndroidManifest.xml:21:9-35
	android:icon
		ADDED from src/main/AndroidManifest.xml:22:9-43
	android:theme
		ADDED from src/main/AndroidManifest.xml:24:9-42
	android:name
		ADDED from src/main/AndroidManifest.xml:20:9-38
activity#ar.com.antaresconsulting.antonstockapp.PartnerListActivity
ADDED from src/main/AndroidManifest.xml:25:9-34:20
	android:label
		ADDED from src/main/AndroidManifest.xml:28:13-45
	android:parentActivityName
		ADDED from src/main/AndroidManifest.xml:29:13-64
	android:configChanges
		ADDED from src/main/AndroidManifest.xml:27:13-63
	android:name
		ADDED from src/main/AndroidManifest.xml:26:13-48
meta-data#android.support.PARENT_ACTIVITY
ADDED from src/main/AndroidManifest.xml:31:13-33:96
	android:value
		ADDED from src/main/AndroidManifest.xml:33:17-93
	android:name
		ADDED from src/main/AndroidManifest.xml:32:17-63
activity#ar.com.antaresconsulting.antonstockapp.ProductListActivity
ADDED from src/main/AndroidManifest.xml:35:9-40:20
	android:label
		ADDED from src/main/AndroidManifest.xml:38:13-45
	android:configChanges
		ADDED from src/main/AndroidManifest.xml:37:13-63
	android:name
		ADDED from src/main/AndroidManifest.xml:36:13-48
activity#ar.com.antaresconsulting.antonstockapp.LoginActivity
ADDED from src/main/AndroidManifest.xml:41:9-51:20
	android:label
		ADDED from src/main/AndroidManifest.xml:44:13-45
	android:windowSoftInputMode
		ADDED from src/main/AndroidManifest.xml:46:13-55
	android:configChanges
		ADDED from src/main/AndroidManifest.xml:43:13-63
	android:theme
		ADDED from src/main/AndroidManifest.xml:45:13-46
	android:name
		ADDED from src/main/AndroidManifest.xml:42:13-42
intent-filter#android.intent.action.MAIN+android.intent.category.LAUNCHER
ADDED from src/main/AndroidManifest.xml:47:13-50:29
action#android.intent.action.MAIN
ADDED from src/main/AndroidManifest.xml:48:17-69
	android:name
		ADDED from src/main/AndroidManifest.xml:48:25-66
category#android.intent.category.LAUNCHER
ADDED from src/main/AndroidManifest.xml:49:17-77
	android:name
		ADDED from src/main/AndroidManifest.xml:49:27-74
activity#ar.com.antaresconsulting.antonstockapp.PartnerDetailActivity
ADDED from src/main/AndroidManifest.xml:52:9-61:20
	android:label
		ADDED from src/main/AndroidManifest.xml:55:13-57
	android:parentActivityName
		ADDED from src/main/AndroidManifest.xml:56:13-62
	android:configChanges
		ADDED from src/main/AndroidManifest.xml:54:13-63
	android:name
		ADDED from src/main/AndroidManifest.xml:53:13-50
activity#ar.com.antaresconsulting.antonstockapp.ProductDetailActivity
ADDED from src/main/AndroidManifest.xml:62:9-71:20
	android:label
		ADDED from src/main/AndroidManifest.xml:65:13-57
	android:parentActivityName
		ADDED from src/main/AndroidManifest.xml:66:13-62
	android:configChanges
		ADDED from src/main/AndroidManifest.xml:64:13-63
	android:name
		ADDED from src/main/AndroidManifest.xml:63:13-50
activity#ar.com.antaresconsulting.antonstockapp.InProducts
ADDED from src/main/AndroidManifest.xml:72:9-81:20
	android:label
		ADDED from src/main/AndroidManifest.xml:75:13-63
	android:parentActivityName
		ADDED from src/main/AndroidManifest.xml:76:13-64
	android:configChanges
		ADDED from src/main/AndroidManifest.xml:74:13-63
	android:name
		ADDED from src/main/AndroidManifest.xml:73:13-39
activity#ar.com.antaresconsulting.antonstockapp.SubmitProducts
ADDED from src/main/AndroidManifest.xml:82:9-91:20
	android:label
		ADDED from src/main/AndroidManifest.xml:85:13-63
	android:parentActivityName
		ADDED from src/main/AndroidManifest.xml:86:13-64
	android:configChanges
		ADDED from src/main/AndroidManifest.xml:84:13-63
	android:name
		ADDED from src/main/AndroidManifest.xml:83:13-43
activity#ar.com.antaresconsulting.antonstockapp.ReEnterProducts
ADDED from src/main/AndroidManifest.xml:92:9-101:20
	android:label
		ADDED from src/main/AndroidManifest.xml:95:13-63
	android:parentActivityName
		ADDED from src/main/AndroidManifest.xml:96:13-64
	android:configChanges
		ADDED from src/main/AndroidManifest.xml:94:13-63
	android:name
		ADDED from src/main/AndroidManifest.xml:93:13-44
activity#ar.com.antaresconsulting.antonstockapp.MoveProducts
ADDED from src/main/AndroidManifest.xml:102:9-111:20
	android:label
		ADDED from src/main/AndroidManifest.xml:105:13-64
	android:parentActivityName
		ADDED from src/main/AndroidManifest.xml:106:13-64
	android:configChanges
		ADDED from src/main/AndroidManifest.xml:104:13-63
	android:name
		ADDED from src/main/AndroidManifest.xml:103:13-41
activity#ar.com.antaresconsulting.antonstockapp.AntonLauncherActivity
ADDED from src/main/AndroidManifest.xml:112:9-117:20
	android:label
		ADDED from src/main/AndroidManifest.xml:115:13-60
	android:configChanges
		ADDED from src/main/AndroidManifest.xml:114:13-63
	android:name
		ADDED from src/main/AndroidManifest.xml:113:13-50
activity#ar.com.antaresconsulting.antonstockapp.AddProductActivity
ADDED from src/main/AndroidManifest.xml:118:9-127:20
	android:label
		ADDED from src/main/AndroidManifest.xml:121:13-63
	android:parentActivityName
		ADDED from src/main/AndroidManifest.xml:122:13-62
	android:configChanges
		ADDED from src/main/AndroidManifest.xml:120:13-63
	android:name
		ADDED from src/main/AndroidManifest.xml:119:13-47
activity#ar.com.antaresconsulting.antonstockapp.ConsumeInsumo
ADDED from src/main/AndroidManifest.xml:128:9-136:20
	android:label
		ADDED from src/main/AndroidManifest.xml:130:13-67
	android:parentActivityName
		ADDED from src/main/AndroidManifest.xml:131:13-64
	android:name
		ADDED from src/main/AndroidManifest.xml:129:13-42
activity#ar.com.antaresconsulting.antonstockapp.AddPMActivity
ADDED from src/main/AndroidManifest.xml:137:9-145:20
	android:label
		ADDED from src/main/AndroidManifest.xml:139:13-58
	android:parentActivityName
		ADDED from src/main/AndroidManifest.xml:140:13-64
	android:name
		ADDED from src/main/AndroidManifest.xml:138:13-42
activity#ar.com.antaresconsulting.antonstockapp.AddOEActivity
ADDED from src/main/AndroidManifest.xml:146:9-154:20
	android:label
		ADDED from src/main/AndroidManifest.xml:148:13-58
	android:parentActivityName
		ADDED from src/main/AndroidManifest.xml:149:13-64
	android:name
		ADDED from src/main/AndroidManifest.xml:147:13-42
activity#ar.com.antaresconsulting.antonstockapp.ProductTypeActivity
ADDED from src/main/AndroidManifest.xml:155:9-158:20
	android:label
		ADDED from src/main/AndroidManifest.xml:157:13-64
	android:name
		ADDED from src/main/AndroidManifest.xml:156:13-48